{"level":"info","message":"Listening on port 9000..."}
{"level":"info","message":"Connected to MongoDB..."}
{"level":"error","message":"connect ECONNREFUSED 127.0.0.1:27017 connect ECONNREFUSED 127.0.0.1:27017","reason":{"commonWireVersion":13,"compatible":true,"heartbeatFrequencyMS":10000,"localThresholdMS":15,"servers":{},"stale":false,"type":"Single"},"stack":"MongooseServerSelectionError: connect ECONNREFUSED 127.0.0.1:27017\n    at Function.Model.$wrapCallback (C:\\Users\\HP\\Desktop\\vidly-main\\_vidly\\node_modules\\mongoose\\lib\\model.js:5000:32)\n    at C:\\Users\\HP\\Desktop\\vidly-main\\_vidly\\node_modules\\mongoose\\lib\\query.js:4667:21\n    at C:\\Users\\HP\\Desktop\\vidly-main\\_vidly\\node_modules\\mongoose\\lib\\helpers\\promiseOrCallback.js:32:5\n    at new Promise (<anonymous>)\n    at promiseOrCallback (C:\\Users\\HP\\Desktop\\vidly-main\\_vidly\\node_modules\\mongoose\\lib\\helpers\\promiseOrCallback.js:31:10)\n    at model.Query.exec (C:\\Users\\HP\\Desktop\\vidly-main\\_vidly\\node_modules\\mongoose\\lib\\query.js:4666:10)\n    at model.Query.Query.then (C:\\Users\\HP\\Desktop\\vidly-main\\_vidly\\node_modules\\mongoose\\lib\\query.js:4749:15)\n    at processTicksAndRejections (node:internal/process/task_queues:96:5)"}
{"level":"info","message":"Listening on port 9000..."}
{"level":"info","message":"Connected to MongoDB..."}
{"level":"info","message":"Listening on port 9000..."}
{"level":"info","message":"Connected to MongoDB..."}
{"level":"info","message":"Listening on port 9000..."}
{"level":"info","message":"Listening on port 9000..."}
{"level":"info","message":"Connected to MongoDB..."}
{"level":"info","message":"Listening on port 9000..."}
{"level":"info","message":"Connected to MongoDB..."}
{"level":"info","message":"Listening on port 9000..."}
{"kind":"ObjectId","level":"error","message":"Cast to ObjectId failed for value \"1\" (type string) at path \"_id\" for model \"Genre\" Cast to ObjectId failed for value \"1\" (type string) at path \"_id\" for model \"Genre\"","path":"_id","reason":{},"stack":"CastError: Cast to ObjectId failed for value \"1\" (type string) at path \"_id\" for model \"Genre\"\n    at model.Query.exec (C:\\Users\\HP\\Desktop\\_vidly\\node_modules\\mongoose\\lib\\query.js:4650:21)\n    at model.Query.Object.<anonymous>.Query.then (C:\\Users\\HP\\Desktop\\_vidly\\node_modules\\mongoose\\lib\\query.js:4749:15)\n    at processTicksAndRejections (node:internal/process/task_queues:96:5)","stringValue":"\"1\"","value":"1","valueType":"string"}
{"kind":"ObjectId","level":"error","message":"Cast to ObjectId failed for value \"1\" (type string) at path \"_id\" for model \"Genre\" Cast to ObjectId failed for value \"1\" (type string) at path \"_id\" for model \"Genre\"","path":"_id","reason":{},"stack":"CastError: Cast to ObjectId failed for value \"1\" (type string) at path \"_id\" for model \"Genre\"\n    at model.Query.exec (C:\\Users\\HP\\Desktop\\_vidly\\node_modules\\mongoose\\lib\\query.js:4650:21)\n    at model.Query.Object.<anonymous>.Query.then (C:\\Users\\HP\\Desktop\\_vidly\\node_modules\\mongoose\\lib\\query.js:4749:15)\n    at processTicksAndRejections (node:internal/process/task_queues:96:5)","stringValue":"\"1\"","value":"1","valueType":"string"}
{"kind":"ObjectId","level":"error","message":"Cast to ObjectId failed for value \"1\" (type string) at path \"_id\" for model \"Genre\" Cast to ObjectId failed for value \"1\" (type string) at path \"_id\" for model \"Genre\"","path":"_id","reason":{},"stack":"CastError: Cast to ObjectId failed for value \"1\" (type string) at path \"_id\" for model \"Genre\"\n    at model.Query.exec (C:\\Users\\HP\\Desktop\\_vidly\\node_modules\\mongoose\\lib\\query.js:4650:21)\n    at model.Query.Object.<anonymous>.Query.then (C:\\Users\\HP\\Desktop\\_vidly\\node_modules\\mongoose\\lib\\query.js:4749:15)\n    at processTicksAndRejections (node:internal/process/task_queues:96:5)","stringValue":"\"1\"","value":"1","valueType":"string"}
{"kind":"ObjectId","level":"error","message":"Cast to ObjectId failed for value \"1\" (type string) at path \"_id\" for model \"Genre\" Cast to ObjectId failed for value \"1\" (type string) at path \"_id\" for model \"Genre\"","path":"_id","reason":{},"stack":"CastError: Cast to ObjectId failed for value \"1\" (type string) at path \"_id\" for model \"Genre\"\n    at model.Query.exec (C:\\Users\\HP\\Desktop\\_vidly\\node_modules\\mongoose\\lib\\query.js:4650:21)\n    at model.Query.Object.<anonymous>.Query.then (C:\\Users\\HP\\Desktop\\_vidly\\node_modules\\mongoose\\lib\\query.js:4749:15)\n    at processTicksAndRejections (node:internal/process/task_queues:96:5)","stringValue":"\"1\"","value":"1","valueType":"string"}
{"kind":"ObjectId","level":"error","message":"Cast to ObjectId failed for value \"1\" (type string) at path \"_id\" for model \"Genre\" Cast to ObjectId failed for value \"1\" (type string) at path \"_id\" for model \"Genre\"","path":"_id","reason":{},"stack":"CastError: Cast to ObjectId failed for value \"1\" (type string) at path \"_id\" for model \"Genre\"\n    at model.Query.exec (C:\\Users\\HP\\Desktop\\_vidly\\node_modules\\mongoose\\lib\\query.js:4650:21)\n    at model.Query.Object.<anonymous>.Query.then (C:\\Users\\HP\\Desktop\\_vidly\\node_modules\\mongoose\\lib\\query.js:4749:15)\n    at processTicksAndRejections (node:internal/process/task_queues:96:5)","stringValue":"\"1\"","value":"1","valueType":"string"}
{"body":"\n","expose":true,"level":"error","message":"Cannot read properties of null (reading '1') Cannot read properties of null (reading '1')","stack":"TypeError: Cannot read properties of null (reading '1')\n    at firstchar (C:\\Users\\HP\\Desktop\\_vidly\\node_modules\\body-parser\\lib\\types\\json.js:176:37)\n    at parse (C:\\Users\\HP\\Desktop\\_vidly\\node_modules\\body-parser\\lib\\types\\json.js:79:19)\n    at C:\\Users\\HP\\Desktop\\_vidly\\node_modules\\body-parser\\lib\\read.js:121:18\n    at invokeCallback (C:\\Users\\HP\\Desktop\\_vidly\\node_modules\\raw-body\\index.js:224:16)\n    at done (C:\\Users\\HP\\Desktop\\_vidly\\node_modules\\raw-body\\index.js:213:7)\n    at IncomingMessage.onEnd (C:\\Users\\HP\\Desktop\\_vidly\\node_modules\\raw-body\\index.js:273:7)\n    at IncomingMessage.emit (node:events:402:35)\n    at endReadableNT (node:internal/streams/readable:1343:12)\n    at processTicksAndRejections (node:internal/process/task_queues:83:21)","status":400,"statusCode":400,"type":"entity.parse.failed"}
{"body":"\n","expose":true,"level":"error","message":"Cannot read properties of null (reading '1') Cannot read properties of null (reading '1')","stack":"TypeError: Cannot read properties of null (reading '1')\n    at firstchar (C:\\Users\\HP\\Desktop\\_vidly\\node_modules\\body-parser\\lib\\types\\json.js:176:37)\n    at parse (C:\\Users\\HP\\Desktop\\_vidly\\node_modules\\body-parser\\lib\\types\\json.js:79:19)\n    at C:\\Users\\HP\\Desktop\\_vidly\\node_modules\\body-parser\\lib\\read.js:121:18\n    at invokeCallback (C:\\Users\\HP\\Desktop\\_vidly\\node_modules\\raw-body\\index.js:224:16)\n    at done (C:\\Users\\HP\\Desktop\\_vidly\\node_modules\\raw-body\\index.js:213:7)\n    at IncomingMessage.onEnd (C:\\Users\\HP\\Desktop\\_vidly\\node_modules\\raw-body\\index.js:273:7)\n    at IncomingMessage.emit (node:events:402:35)\n    at endReadableNT (node:internal/streams/readable:1343:12)\n    at processTicksAndRejections (node:internal/process/task_queues:83:21)","status":400,"statusCode":400,"type":"entity.parse.failed"}
{"body":"\n","expose":true,"level":"error","message":"Cannot read properties of null (reading '1') Cannot read properties of null (reading '1')","stack":"TypeError: Cannot read properties of null (reading '1')\n    at firstchar (C:\\Users\\HP\\Desktop\\_vidly\\node_modules\\body-parser\\lib\\types\\json.js:176:37)\n    at parse (C:\\Users\\HP\\Desktop\\_vidly\\node_modules\\body-parser\\lib\\types\\json.js:79:19)\n    at C:\\Users\\HP\\Desktop\\_vidly\\node_modules\\body-parser\\lib\\read.js:121:18\n    at invokeCallback (C:\\Users\\HP\\Desktop\\_vidly\\node_modules\\raw-body\\index.js:224:16)\n    at done (C:\\Users\\HP\\Desktop\\_vidly\\node_modules\\raw-body\\index.js:213:7)\n    at IncomingMessage.onEnd (C:\\Users\\HP\\Desktop\\_vidly\\node_modules\\raw-body\\index.js:273:7)\n    at IncomingMessage.emit (node:events:402:35)\n    at endReadableNT (node:internal/streams/readable:1343:12)\n    at processTicksAndRejections (node:internal/process/task_queues:83:21)","status":400,"statusCode":400,"type":"entity.parse.failed"}
{"body":"\n","expose":true,"level":"error","message":"Cannot read properties of null (reading '1') Cannot read properties of null (reading '1')","stack":"TypeError: Cannot read properties of null (reading '1')\n    at firstchar (C:\\Users\\HP\\Desktop\\_vidly\\node_modules\\body-parser\\lib\\types\\json.js:176:37)\n    at parse (C:\\Users\\HP\\Desktop\\_vidly\\node_modules\\body-parser\\lib\\types\\json.js:79:19)\n    at C:\\Users\\HP\\Desktop\\_vidly\\node_modules\\body-parser\\lib\\read.js:121:18\n    at invokeCallback (C:\\Users\\HP\\Desktop\\_vidly\\node_modules\\raw-body\\index.js:224:16)\n    at done (C:\\Users\\HP\\Desktop\\_vidly\\node_modules\\raw-body\\index.js:213:7)\n    at IncomingMessage.onEnd (C:\\Users\\HP\\Desktop\\_vidly\\node_modules\\raw-body\\index.js:273:7)\n    at IncomingMessage.emit (node:events:402:35)\n    at endReadableNT (node:internal/streams/readable:1343:12)\n    at processTicksAndRejections (node:internal/process/task_queues:83:21)","status":400,"statusCode":400,"type":"entity.parse.failed"}
{"level":"info","message":"Listening on port 9000..."}
{"level":"info","message":"Listening on port 9000..."}
{"level":"info","message":"Listening on port 9000..."}
{"level":"info","message":"Listening on port 9000..."}
{"level":"info","message":"Listening on port 9000..."}
{"level":"info","message":"Listening on port 9000..."}
{"level":"info","message":"Listening on port 9000..."}
{"level":"info","message":"Listening on port 9000..."}
{"level":"info","message":"Listening on port 9000..."}
{"level":"info","message":"Listening on port 9000..."}
{"level":"info","message":"Listening on port 9000..."}
{"level":"info","message":"Listening on port 9000..."}
{"level":"info","message":"Listening on port 9000..."}
{"level":"info","message":"Listening on port 9000..."}
{"level":"info","message":"Listening on port 9000..."}
{"level":"info","message":"Listening on port 9000..."}
{"level":"info","message":"Listening on port 9000..."}
{"level":"info","message":"Listening on port 9000..."}
{"level":"info","message":"Listening on port 9000..."}
{"level":"info","message":"Listening on port 9000..."}
{"level":"info","message":"Listening on port 9000..."}
{"level":"info","message":"Listening on port 9000..."}
{"level":"info","message":"Listening on port 9000..."}
{"level":"info","message":"Listening on port 9000..."}
{"level":"info","message":"Listening on port 9000..."}
{"level":"info","message":"Listening on port 9000..."}
{"level":"info","message":"Listening on port 9000..."}
{"level":"info","message":"Listening on port 9000..."}
{"level":"info","message":"Listening on port 9000..."}
{"level":"info","message":"Listening on port 9000..."}
{"level":"info","message":"Listening on port 9000..."}
{"level":"info","message":"Listening on port 9000..."}
{"level":"info","message":"Listening on port 9000..."}
{"level":"info","message":"Listening on port 9000..."}
{"level":"info","message":"Listening on port 9000..."}
{"level":"info","message":"Listening on port 9000..."}
{"level":"info","message":"Listening on port 9000..."}
{"level":"info","message":"Listening on port 9000..."}
{"level":"info","message":"Listening on port 9000..."}
{"level":"info","message":"Listening on port 9000..."}
{"level":"info","message":"Listening on port 9000..."}
{"level":"info","message":"Listening on port 9000..."}
{"level":"info","message":"Listening on port 9000..."}
{"level":"info","message":"Listening on port 9000..."}
{"level":"info","message":"Listening on port 9000..."}
{"level":"info","message":"Listening on port 9000..."}
{"level":"info","message":"Listening on port 9000..."}
{"level":"info","message":"Listening on port 9000..."}
{"level":"info","message":"Listening on port 9000..."}
{"level":"info","message":"Listening on port 9000..."}
{"level":"info","message":"Listening on port 9000..."}
{"level":"info","message":"Listening on port 9000..."}
{"level":"info","message":"Listening on port 9000..."}
{"level":"info","message":"Listening on port 9000..."}
{"level":"info","message":"Listening on port 9000..."}
{"level":"info","message":"Listening on port 9000..."}
{"level":"info","message":"Listening on port 9000..."}
{"level":"info","message":"Listening on port 9000..."}
{"level":"info","message":"Listening on port 9000..."}
{"level":"info","message":"Listening on port 9000..."}
{"level":"info","message":"Listening on port 9000..."}
{"level":"info","message":"Listening on port 9000..."}
{"level":"info","message":"Listening on port 9000..."}
{"level":"info","message":"Listening on port 9000..."}
{"level":"info","message":"Listening on port 9000..."}
{"level":"info","message":"Listening on port 9000..."}
{"level":"info","message":"Listening on port 9000..."}
{"level":"info","message":"Listening on port 9000..."}
{"level":"info","message":"Listening on port 9000..."}
{"level":"info","message":"Listening on port 9000..."}
{"level":"info","message":"Listening on port 9000..."}
{"level":"info","message":"Listening on port 9000..."}
{"level":"info","message":"Listening on port 9000..."}
{"level":"info","message":"Listening on port 9000..."}
{"level":"info","message":"Listening on port 9000..."}
{"level":"info","message":"Listening on port 9000..."}
{"level":"info","message":"Listening on port 9000..."}
{"level":"info","message":"Listening on port 9000..."}
{"level":"info","message":"Listening on port 9000..."}
{"level":"info","message":"Listening on port 9000..."}
{"level":"info","message":"Listening on port 9000..."}
{"level":"info","message":"Listening on port 9000..."}
{"level":"info","message":"Listening on port 9000..."}
{"level":"info","message":"Listening on port 9000..."}
{"level":"info","message":"Listening on port 9000..."}
{"level":"info","message":"Listening on port 9000..."}
{"level":"info","message":"Listening on port 9000..."}
{"level":"info","message":"Listening on port 9000..."}
{"level":"info","message":"Listening on port 9000..."}
{"level":"info","message":"Listening on port 9000..."}
{"level":"info","message":"Listening on port 9000..."}
{"level":"info","message":"Listening on port 9000..."}
{"level":"info","message":"Listening on port 9000..."}
{"level":"info","message":"Listening on port 9000..."}
{"level":"info","message":"Listening on port 9000..."}
{"level":"info","message":"Listening on port 9000..."}
{"level":"info","message":"Listening on port 9000..."}
{"level":"info","message":"Listening on port 9000..."}
{"level":"info","message":"Listening on port 9000..."}
{"level":"info","message":"Listening on port 9000..."}
{"level":"info","message":"Listening on port 9000..."}
{"level":"info","message":"Listening on port 9000..."}
{"level":"info","message":"Listening on port 9000..."}
{"level":"info","message":"Listening on port 9000..."}
{"level":"info","message":"Listening on port 9000..."}
{"level":"info","message":"Listening on port 9000..."}
{"level":"info","message":"Listening on port 9000..."}
{"level":"info","message":"Listening on port 9000..."}
{"level":"info","message":"Listening on port 9000..."}
{"level":"info","message":"Listening on port 9000..."}
{"level":"info","message":"Listening on port 9000..."}
{"level":"info","message":"Listening on port 9000..."}
{"level":"info","message":"Listening on port 9000..."}
{"level":"info","message":"Listening on port 9000..."}
{"level":"info","message":"Listening on port 9000..."}
{"level":"info","message":"Listening on port 9000..."}
{"level":"info","message":"Listening on port 9000..."}
{"level":"info","message":"Listening on port 9000..."}
{"level":"info","message":"Listening on port 9000..."}
{"level":"info","message":"Listening on port 9000..."}
{"level":"info","message":"Listening on port 9000..."}
{"level":"info","message":"Listening on port 9000..."}
{"level":"info","message":"Listening on port 9000..."}
{"level":"info","message":"Listening on port 9000..."}
{"level":"info","message":"Listening on port 9000..."}
{"level":"info","message":"Listening on port 9000..."}
{"level":"info","message":"Listening on port 9000..."}
{"level":"info","message":"Listening on port 9000..."}
{"level":"info","message":"Listening on port 9000..."}
{"level":"info","message":"Listening on port 9000..."}
{"level":"info","message":"Listening on port 9000..."}
{"level":"info","message":"Listening on port 9000..."}
{"level":"info","message":"Listening on port 9000..."}
{"level":"info","message":"Listening on port 9000..."}
{"level":"info","message":"Listening on port 9000..."}
{"level":"info","message":"Listening on port 9000..."}
{"level":"info","message":"Listening on port 9000..."}
{"level":"info","message":"Listening on port 9000..."}
{"level":"info","message":"Listening on port 9000..."}
{"level":"info","message":"Listening on port 9000..."}
{"level":"info","message":"Listening on port 9000..."}
{"level":"info","message":"Listening on port 9000..."}
{"level":"info","message":"Listening on port 9000..."}
{"level":"info","message":"Listening on port 9000..."}
{"level":"info","message":"Listening on port 9000..."}
{"level":"info","message":"Listening on port 9000..."}
{"level":"info","message":"Listening on port 9000..."}
{"level":"info","message":"Listening on port 9000..."}
{"level":"info","message":"Listening on port 9000..."}
{"level":"info","message":"Listening on port 9000..."}
{"level":"info","message":"Listening on port 9000..."}
{"level":"info","message":"Listening on port 9000..."}
{"level":"info","message":"Listening on port 9000..."}
{"level":"info","message":"Listening on port 9000..."}
{"level":"info","message":"Listening on port 9000..."}
{"level":"info","message":"Listening on port 9000..."}
{"level":"info","message":"Listening on port 9000..."}
{"level":"info","message":"Listening on port 9000..."}
{"level":"info","message":"Listening on port 9000..."}
{"level":"info","message":"Listening on port 9000..."}
{"level":"info","message":"Listening on port 9000..."}
{"level":"info","message":"Listening on port 9000..."}
{"level":"info","message":"Listening on port 9000..."}
{"level":"info","message":"Listening on port 9000..."}
{"level":"info","message":"Listening on port 9000..."}
{"level":"info","message":"Listening on port 9000..."}
{"level":"info","message":"Listening on port 9000..."}
{"level":"info","message":"Listening on port 9000..."}
{"level":"info","message":"Listening on port 9000..."}
{"level":"info","message":"Listening on port 9000..."}
{"level":"info","message":"Listening on port 9000..."}
{"level":"info","message":"Listening on port 9000..."}
{"level":"info","message":"Listening on port 9000..."}
{"level":"info","message":"Listening on port 9000..."}
{"level":"info","message":"Listening on port 9000..."}
{"level":"info","message":"Listening on port 9000..."}
{"level":"info","message":"Listening on port 9000..."}
{"level":"info","message":"Listening on port 9000..."}
{"level":"info","message":"Listening on port 9000..."}
{"level":"info","message":"Listening on port 9000..."}
{"level":"info","message":"Listening on port 9000..."}
{"level":"info","message":"Listening on port 9000..."}
{"level":"info","message":"Listening on port 9000..."}
{"level":"info","message":"Listening on port 9000..."}
{"level":"info","message":"Listening on port 9000..."}
{"level":"info","message":"Listening on port 9000..."}
{"level":"info","message":"Listening on port 9000..."}
{"level":"info","message":"Listening on port 9000..."}
{"level":"info","message":"Listening on port 9000..."}
{"level":"info","message":"Listening on port 9000..."}
{"level":"info","message":"Listening on port 9000..."}
{"level":"info","message":"Listening on port 9000..."}
{"level":"info","message":"Listening on port 9000..."}
{"level":"info","message":"Listening on port 9000..."}
{"level":"info","message":"Listening on port 9000..."}
{"level":"info","message":"Listening on port 9000..."}
{"level":"info","message":"Listening on port 9000..."}
{"level":"info","message":"Listening on port 9000..."}
{"level":"info","message":"Listening on port 9000..."}
{"level":"info","message":"Listening on port 9000..."}
{"level":"info","message":"Listening on port 9000..."}
{"level":"info","message":"Listening on port 9000..."}
{"level":"info","message":"Listening on port 9000..."}
{"level":"info","message":"Listening on port 9000..."}
{"level":"info","message":"Listening on port 9000..."}
{"level":"info","message":"Listening on port 9000..."}
{"level":"info","message":"Listening on port 9000..."}
{"level":"info","message":"Listening on port 9000..."}
{"level":"info","message":"Listening on port 9000..."}
{"level":"info","message":"Listening on port 9000..."}
{"level":"info","message":"Listening on port 9000..."}
{"level":"info","message":"Listening on port 9000..."}
{"level":"info","message":"Listening on port 9000..."}
{"level":"info","message":"Listening on port 9000..."}
{"level":"info","message":"Listening on port 9000..."}
{"level":"info","message":"Listening on port 9000..."}
{"level":"info","message":"Listening on port 9000..."}
{"level":"info","message":"Listening on port 9000..."}
{"level":"info","message":"Listening on port 9000..."}
{"level":"info","message":"Listening on port 9000..."}
{"level":"info","message":"Listening on port 9000..."}
{"level":"info","message":"Listening on port 9000..."}
{"level":"info","message":"Listening on port 9000..."}
{"level":"info","message":"Listening on port 9000..."}
{"level":"info","message":"Listening on port 9000..."}
{"level":"info","message":"Listening on port 9000..."}
{"level":"info","message":"Listening on port 9000..."}
{"level":"info","message":"Listening on port 9000..."}
{"level":"info","message":"Listening on port 9000..."}
{"level":"info","message":"Listening on port 9000..."}
{"level":"info","message":"Listening on port 9000..."}
{"level":"info","message":"Listening on port 9000..."}
{"level":"info","message":"Listening on port 9000..."}
{"level":"info","message":"Listening on port 9000..."}
{"level":"info","message":"Listening on port 9000..."}
{"level":"info","message":"Listening on port 9000..."}
{"level":"info","message":"Listening on port 9000..."}
{"level":"info","message":"Listening on port 9000..."}
{"level":"info","message":"Listening on port 9000..."}
{"level":"info","message":"Listening on port 9000..."}
{"level":"info","message":"Listening on port 9000..."}
